<?xml version="1.0" encoding="UTF-8"?>
<robot generator="Robot 3.1.2 (Python 3.7.0 on win32)" generated="20191203 13:22:18.698" rpa="false">
<suite id="s1" name="TC 001" source="C:\Users\adnan.hanif\PycharmProjects\RobotFramework\TC_001.robot">
<test id="s1-t1" name="TC_001">
<kw name="Open Browser" library="SeleniumLibrary">
<doc>Opens a new browser instance to the optional ``url``.</doc>
<arguments>
<arg>${URL}</arg>
<arg>${Browser}</arg>
</arguments>
<msg timestamp="20191203 13:22:19.124" level="INFO">Opening browser 'Chrome' to base url 'http:google.com'.</msg>
<status status="PASS" starttime="20191203 13:22:19.124" endtime="20191203 13:22:22.400"></status>
</kw>
<kw name="Maximize Browser Window" library="SeleniumLibrary">
<doc>Maximizes current browser window.</doc>
<status status="PASS" starttime="20191203 13:22:22.401" endtime="20191203 13:22:23.522"></status>
</kw>
<kw name="Close Browser" library="SeleniumLibrary">
<doc>Closes the current browser.</doc>
<status status="PASS" starttime="20191203 13:22:23.522" endtime="20191203 13:22:25.732"></status>
</kw>
<status status="PASS" starttime="20191203 13:22:19.123" endtime="20191203 13:22:25.733" critical="yes"></status>
</test>
<test id="s1-t2" name="TC_002">
<kw name="Open Browser" library="SeleniumLibrary">
<doc>Opens a new browser instance to the optional ``url``.</doc>
<arguments>
<arg>${URL}</arg>
<arg>${Browser}</arg>
</arguments>
<msg timestamp="20191203 13:22:25.738" level="INFO">Opening browser 'Chrome' to base url 'http:google.com'.</msg>
<status status="PASS" starttime="20191203 13:22:25.737" endtime="20191203 13:22:29.200"></status>
</kw>
<kw name="Close Browser" library="SeleniumLibrary">
<doc>Closes the current browser.</doc>
<status status="PASS" starttime="20191203 13:22:29.201" endtime="20191203 13:22:31.370"></status>
</kw>
<status status="PASS" starttime="20191203 13:22:25.736" endtime="20191203 13:22:31.371" critical="yes"></status>
</test>
<status status="PASS" starttime="20191203 13:22:18.702" endtime="20191203 13:22:31.374"></status>
</suite>
<statistics>
<total>
<stat pass="2" fail="0">Critical Tests</stat>
<stat pass="2" fail="0">All Tests</stat>
</total>
<tag>
</tag>
<suite>
<stat pass="2" fail="0" id="s1" name="TC 001">TC 001</stat>
</suite>
</statistics>
<errors>
</errors>
</robot>
